Using pre-set license
Built from '2022.3/staging' branch; Version is '2022.3.60f1 (5f63fdee6d95) revision 6251517'; Using compiler version '192829333'; Build Type 'Release'
OS: 'Windows 11  (10.0.26100) 64bit Core' Language: 'en' Physical Memory: 32677 MB
BatchMode: 1, IsHumanControllingUs: 0, StartBugReporterOnCrash: 0, Is64bit: 1, IsPro: 1

COMMAND LINE ARGUMENTS:
C:\Program Files\Unity\Hub\Editor\2022.3.60f1\Editor\Unity.exe
-adb2
-batchMode
-noUpm
-name
AssetImportWorker4
-projectPath
D:/Projects/School Projects/Unlimited Games and none/Simulation2/EvolveGame/EvolveGame
-logFile
Logs/AssetImportWorker4.log
-srvPort
64881
Successfully changed project path to: D:/Projects/School Projects/Unlimited Games and none/Simulation2/EvolveGame/EvolveGame
D:/Projects/School Projects/Unlimited Games and none/Simulation2/EvolveGame/EvolveGame
[UnityMemory] Configuration Parameters - Can be set up in boot.config
    "memorysetup-bucket-allocator-granularity=16"
    "memorysetup-bucket-allocator-bucket-count=8"
    "memorysetup-bucket-allocator-block-size=33554432"
    "memorysetup-bucket-allocator-block-count=8"
    "memorysetup-main-allocator-block-size=16777216"
    "memorysetup-thread-allocator-block-size=16777216"
    "memorysetup-gfx-main-allocator-block-size=16777216"
    "memorysetup-gfx-thread-allocator-block-size=16777216"
    "memorysetup-cache-allocator-block-size=4194304"
    "memorysetup-typetree-allocator-block-size=2097152"
    "memorysetup-profiler-bucket-allocator-granularity=16"
    "memorysetup-profiler-bucket-allocator-bucket-count=8"
    "memorysetup-profiler-bucket-allocator-block-size=33554432"
    "memorysetup-profiler-bucket-allocator-block-count=8"
    "memorysetup-profiler-allocator-block-size=16777216"
    "memorysetup-profiler-editor-allocator-block-size=1048576"
    "memorysetup-temp-allocator-size-main=16777216"
    "memorysetup-job-temp-allocator-block-size=2097152"
    "memorysetup-job-temp-allocator-block-size-background=1048576"
    "memorysetup-job-temp-allocator-reduction-small-platforms=262144"
    "memorysetup-allocator-temp-initial-block-size-main=262144"
    "memorysetup-allocator-temp-initial-block-size-worker=262144"
    "memorysetup-temp-allocator-size-background-worker=32768"
    "memorysetup-temp-allocator-size-job-worker=262144"
    "memorysetup-temp-allocator-size-preload-manager=33554432"
    "memorysetup-temp-allocator-size-nav-mesh-worker=65536"
    "memorysetup-temp-allocator-size-audio-worker=65536"
    "memorysetup-temp-allocator-size-cloud-worker=32768"
    "memorysetup-temp-allocator-size-gi-baking-worker=262144"
    "memorysetup-temp-allocator-size-gfx=262144"
Player connection [27596]  Target information:

Player connection [27596]  * "[IP] 172.30.135.38 [Port] 0 [Flags] 2 [Guid] 3833455038 [EditorId] 3833455038 [Version] 1048832 [Id] WindowsEditor(7,Jarvis) [Debug] 1 [PackageName] WindowsEditor [ProjectName] Editor" 

Player connection [27596] Host joined multi-casting on [225.0.0.222:54997]...
Player connection [27596] Host joined alternative multi-casting on [225.0.0.222:34997]...
Input System module state changed to: Initialized.
[PhysX] Initialized MultithreadedTaskDispatcher with 16 workers.
Refreshing native plugins compatible for Editor in 4.96 ms, found 3 plugins.
Preloading 0 native plugins for Editor in 0.00 ms.
Initialize engine version: 2022.3.60f1 (5f63fdee6d95)
[Subsystems] Discovering subsystems at path C:/Program Files/Unity/Hub/Editor/2022.3.60f1/Editor/Data/Resources/UnitySubsystems
[Subsystems] Discovering subsystems at path D:/Projects/School Projects/Unlimited Games and none/Simulation2/EvolveGame/EvolveGame/Assets
GfxDevice: creating device client; threaded=0; jobified=0
Direct3D:
    Version:  Direct3D 11.0 [level 11.1]
    Renderer: NVIDIA GeForce RTX 2080 SUPER (ID=0x1e81)
    Vendor:   NVIDIA
    VRAM:     7987 MB
    Driver:   32.0.15.7283
Initialize mono
Mono path[0] = 'C:/Program Files/Unity/Hub/Editor/2022.3.60f1/Editor/Data/Managed'
Mono path[1] = 'C:/Program Files/Unity/Hub/Editor/2022.3.60f1/Editor/Data/MonoBleedingEdge/lib/mono/unityjit-win32'
Mono config path = 'C:/Program Files/Unity/Hub/Editor/2022.3.60f1/Editor/Data/MonoBleedingEdge/etc'
Using monoOptions --debugger-agent=transport=dt_socket,embedding=1,server=y,suspend=n,address=127.0.0.1:56368
Begin MonoManager ReloadAssembly
Registering precompiled unity dll's ...
Register platform support module: C:/Program Files/Unity/Hub/Editor/2022.3.60f1/Editor/Data/PlaybackEngines/WebGLSupport/UnityEditor.WebGL.Extensions.dll
Register platform support module: C:/Program Files/Unity/Hub/Editor/2022.3.60f1/Editor/Data/PlaybackEngines/WindowsStandaloneSupport/UnityEditor.WindowsStandalone.Extensions.dll
Registered in 0.008917 seconds.
- Loaded All Assemblies, in  0.337 seconds
Native extension for WindowsStandalone target not found
Native extension for WebGL target not found
Mono: successfully reloaded assembly
- Finished resetting the current domain, in  0.255 seconds
Domain Reload Profiling: 591ms
	BeginReloadAssembly (97ms)
		ExecutionOrderSort (0ms)
		DisableScriptedObjects (0ms)
		BackupInstance (0ms)
		ReleaseScriptingObjects (0ms)
		CreateAndSetChildDomain (1ms)
	RebuildCommonClasses (32ms)
	RebuildNativeTypeToScriptingClass (9ms)
	initialDomainReloadingComplete (59ms)
	LoadAllAssembliesAndSetupDomain (138ms)
		LoadAssemblies (94ms)
		RebuildTransferFunctionScriptingTraits (0ms)
		AnalyzeDomain (136ms)
			TypeCache.Refresh (135ms)
				TypeCache.ScanAssembly (123ms)
			ScanForSourceGeneratedMonoScriptInfo (0ms)
			ResolveRequiredComponents (0ms)
	FinalizeReload (256ms)
		ReleaseScriptCaches (0ms)
		RebuildScriptCaches (0ms)
		SetupLoadedEditorAssemblies (212ms)
			LogAssemblyErrors (0ms)
			InitializePlatformSupportModulesInManaged (10ms)
			SetLoadedEditorAssemblies (5ms)
			RefreshPlugins (0ms)
			BeforeProcessingInitializeOnLoad (2ms)
			ProcessInitializeOnLoadAttributes (150ms)
			ProcessInitializeOnLoadMethodAttributes (45ms)
			AfterProcessingInitializeOnLoad (0ms)
			EditorAssembliesLoaded (0ms)
		ExecutionOrderSort2 (0ms)
		AwakeInstancesAfterBackupRestoration (0ms)
========================================================================
Worker process is ready to serve import requests
Caller must complete domain reload
Begin MonoManager ReloadAssembly
- Loaded All Assemblies, in  0.556 seconds
Native extension for WindowsStandalone target not found
Native extension for WebGL target not found
Mono: successfully reloaded assembly
- Finished resetting the current domain, in  0.516 seconds
Domain Reload Profiling: 1069ms
	BeginReloadAssembly (133ms)
		ExecutionOrderSort (0ms)
		DisableScriptedObjects (5ms)
		BackupInstance (0ms)
		ReleaseScriptingObjects (0ms)
		CreateAndSetChildDomain (18ms)
	RebuildCommonClasses (33ms)
	RebuildNativeTypeToScriptingClass (12ms)
	initialDomainReloadingComplete (39ms)
	LoadAllAssembliesAndSetupDomain (336ms)
		LoadAssemblies (246ms)
		RebuildTransferFunctionScriptingTraits (0ms)
		AnalyzeDomain (168ms)
			TypeCache.Refresh (149ms)
				TypeCache.ScanAssembly (136ms)
			ScanForSourceGeneratedMonoScriptInfo (12ms)
			ResolveRequiredComponents (5ms)
	FinalizeReload (517ms)
		ReleaseScriptCaches (0ms)
		RebuildScriptCaches (0ms)
		SetupLoadedEditorAssemblies (388ms)
			LogAssemblyErrors (0ms)
			InitializePlatformSupportModulesInManaged (7ms)
			SetLoadedEditorAssemblies (3ms)
			RefreshPlugins (0ms)
			BeforeProcessingInitializeOnLoad (53ms)
			ProcessInitializeOnLoadAttributes (298ms)
			ProcessInitializeOnLoadMethodAttributes (21ms)
			AfterProcessingInitializeOnLoad (7ms)
			EditorAssembliesLoaded (0ms)
		ExecutionOrderSort2 (0ms)
		AwakeInstancesAfterBackupRestoration (6ms)
Launched and connected shader compiler UnityShaderCompiler.exe after 0.04 seconds
Refreshing native plugins compatible for Editor in 2.98 ms, found 3 plugins.
Preloading 0 native plugins for Editor in 0.00 ms.
Unloading 3143 Unused Serialized files (Serialized files now loaded: 0)
Unloading 19 unused Assets / (54.6 KB). Loaded Objects now: 3610.
Memory consumption went from 120.0 MB to 120.0 MB.
Total: 2.600700 ms (FindLiveObjects: 0.222400 ms CreateObjectMapping: 0.192300 ms MarkObjects: 2.115100 ms  DeleteObjects: 0.070200 ms)

AssetImportParameters requested are different than current active one (requested -> active):
  custom:container-demuxer-ogg: 62fdf1f143b41e24485cea50d1cbac27 -> 
  custom:video-decoder-ogg-theora: a1e56fd34408186e4bbccfd4996cb3dc -> 
  custom:framework-win-MediaFoundation: 216162199b28c13a410421893ffa2e32 -> 
  custom:CustomObjectIndexerAttribute: 9a22284fe3817be447336de3de66b15e -> 
  custom:container-demuxer-webm: 4f35f7cbe854078d1ac9338744f61a02 -> 
  custom:container-muxer-webm: aa71ff27fc2769a1b78a27578f13a17b -> 
  custom:video-decoder-webm-vp8: 9c59270c3fd7afecdb556c50c9e8de78 -> 
  custom:SearchIndexIgnoredProperties: e643bd26f0fe6173181afceb89e7c659 -> 
  custom:AudioImporter_EditorPlatform: d09bf68614088b80899f8185d706f6e7 -> 
  custom:video-encoder-webm-vp8: eb34c28f22e8b96e1ab97ce403110664 -> 
  custom:audio-decoder-ogg-vorbis: bf7c407c2cedff20999df2af8eb42d56 -> 
  custom:audio-encoder-webm-vorbis: bf7c407c2cedff20999df2af8eb42d56 -> 
========================================================================
Received Import Request.
  Time since last request: 53388.806032 seconds.
  path: Assets/Pet Cats pack/Sprites/Cat-2
  artifactKey: Guid(58d5b7e5ad49a904a98749af8c8fb163) Importer(815301076,1909f56bfc062723c751e8b465ee728b)
Start importing Assets/Pet Cats pack/Sprites/Cat-2 using Guid(58d5b7e5ad49a904a98749af8c8fb163) Importer(815301076,1909f56bfc062723c751e8b465ee728b) [PhysX] Initialized MultithreadedTaskDispatcher with 16 workers.
 -> (artifact id: '06a200b07d52557f4162ea5833370e2b') in 0.002406 seconds
Number of updated asset objects reloaded before import = 0
Number of asset objects unloaded after import = 0
========================================================================
Received Import Request.
  Time since last request: 0.070437 seconds.
  path: Assets/Pet Cats pack/Sprites/Cat-2/Cat-2-Idle.png
  artifactKey: Guid(c8f0e7e1d76fe1c409039ade1ac6c99c) Importer(815301076,1909f56bfc062723c751e8b465ee728b)
Start importing Assets/Pet Cats pack/Sprites/Cat-2/Cat-2-Idle.png using Guid(c8f0e7e1d76fe1c409039ade1ac6c99c) Importer(815301076,1909f56bfc062723c751e8b465ee728b) [PhysX] Initialized MultithreadedTaskDispatcher with 16 workers.
[PhysX] Initialized MultithreadedTaskDispatcher with 16 workers.
 -> (artifact id: 'dbea7a7b9ce2fb13256f5d483650022d') in 0.135580 seconds
Number of updated asset objects reloaded before import = 0
Number of asset objects unloaded after import = 12
========================================================================
Received Import Request.
  Time since last request: 15.112416 seconds.
  path: Assets/Pet Cats pack/Sprites/Cat-6
  artifactKey: Guid(c4ad320a3559cb34aa60bacb59fa2860) Importer(815301076,1909f56bfc062723c751e8b465ee728b)
Start importing Assets/Pet Cats pack/Sprites/Cat-6 using Guid(c4ad320a3559cb34aa60bacb59fa2860) Importer(815301076,1909f56bfc062723c751e8b465ee728b) [PhysX] Initialized MultithreadedTaskDispatcher with 16 workers.
 -> (artifact id: '879a78cc7ac1ba37790a260189d9029a') in 0.000451 seconds
Number of updated asset objects reloaded before import = 0
Number of asset objects unloaded after import = 0
========================================================================
Received Import Request.
  Time since last request: 0.077936 seconds.
  path: Assets/Pet Cats pack/Sprites/Cat-6/Cat-6-Idle.png
  artifactKey: Guid(18e6d971025d9054d8abb92dac9d0c13) Importer(815301076,1909f56bfc062723c751e8b465ee728b)
Start importing Assets/Pet Cats pack/Sprites/Cat-6/Cat-6-Idle.png using Guid(18e6d971025d9054d8abb92dac9d0c13) Importer(815301076,1909f56bfc062723c751e8b465ee728b) [PhysX] Initialized MultithreadedTaskDispatcher with 16 workers.
[PhysX] Initialized MultithreadedTaskDispatcher with 16 workers.
 -> (artifact id: '3ca3611de9b6371f49a93d947b4e7dc8') in 0.048131 seconds
Number of updated asset objects reloaded before import = 0
Number of asset objects unloaded after import = 12
========================================================================
Received Import Request.
  Time since last request: 0.000015 seconds.
  path: Assets/Pet Cats pack/Sprites/Cat-6/Cat-6-Meow.png
  artifactKey: Guid(3ae5402f1d2f68c41bd1b7fd3f76fbf8) Importer(815301076,1909f56bfc062723c751e8b465ee728b)
Start importing Assets/Pet Cats pack/Sprites/Cat-6/Cat-6-Meow.png using Guid(3ae5402f1d2f68c41bd1b7fd3f76fbf8) Importer(815301076,1909f56bfc062723c751e8b465ee728b) [PhysX] Initialized MultithreadedTaskDispatcher with 16 workers.
[PhysX] Initialized MultithreadedTaskDispatcher with 16 workers.
 -> (artifact id: '41184ac3007860eb04c0da9ddc981ff9') in 0.031939 seconds
Number of updated asset objects reloaded before import = 0
Number of asset objects unloaded after import = 6
========================================================================
Received Import Request.
  Time since last request: 20.677645 seconds.
  path: Assets/Resources/sprites/Cat-2-Sitting_0.prefab
  artifactKey: Guid(e661439d9e868b64eb27643a359b6f62) Importer(815301076,1909f56bfc062723c751e8b465ee728b)
Start importing Assets/Resources/sprites/Cat-2-Sitting_0.prefab using Guid(e661439d9e868b64eb27643a359b6f62) Importer(815301076,1909f56bfc062723c751e8b465ee728b) [PhysX] Initialized MultithreadedTaskDispatcher with 16 workers.
[PhysX] Initialized MultithreadedTaskDispatcher with 16 workers.
 -> (artifact id: '93da876ddb850fa038c132927be421be') in 0.036817 seconds
Number of updated asset objects reloaded before import = 0
Number of asset objects unloaded after import = 7
========================================================================
Received Import Request.
  Time since last request: 12.358775 seconds.
  path: Assets/Resources/sprites/Cat2.prefab
  artifactKey: Guid(e661439d9e868b64eb27643a359b6f62) Importer(815301076,1909f56bfc062723c751e8b465ee728b)
Start importing Assets/Resources/sprites/Cat2.prefab using Guid(e661439d9e868b64eb27643a359b6f62) Importer(815301076,1909f56bfc062723c751e8b465ee728b) [PhysX] Initialized MultithreadedTaskDispatcher with 16 workers.
[PhysX] Initialized MultithreadedTaskDispatcher with 16 workers.
 -> (artifact id: 'e1bdbe5da046acfb62c278559683e99b') in 0.010941 seconds
Number of updated asset objects reloaded before import = 0
Number of asset objects unloaded after import = 7
========================================================================
Received Import Request.
  Time since last request: 8.921964 seconds.
  path: Assets/Resources/sprites/Man.prefab
  artifactKey: Guid(b0b5d0fa789b0b94d9a20ecc11b68150) Importer(815301076,1909f56bfc062723c751e8b465ee728b)
Start importing Assets/Resources/sprites/Man.prefab using Guid(b0b5d0fa789b0b94d9a20ecc11b68150) Importer(815301076,1909f56bfc062723c751e8b465ee728b) [PhysX] Initialized MultithreadedTaskDispatcher with 16 workers.
[PhysX] Initialized MultithreadedTaskDispatcher with 16 workers.
 -> (artifact id: 'fc0d4cdf41c2e6f4334f84cdecf05a3f') in 0.006149 seconds
Number of updated asset objects reloaded before import = 0
Number of asset objects unloaded after import = 7
========================================================================
Received Import Request.
  Time since last request: 7.356240 seconds.
  path: Assets/Resources/sprites/Cat.prefab
  artifactKey: Guid(e661439d9e868b64eb27643a359b6f62) Importer(815301076,1909f56bfc062723c751e8b465ee728b)
Start importing Assets/Resources/sprites/Cat.prefab using Guid(e661439d9e868b64eb27643a359b6f62) Importer(815301076,1909f56bfc062723c751e8b465ee728b) [PhysX] Initialized MultithreadedTaskDispatcher with 16 workers.
[PhysX] Initialized MultithreadedTaskDispatcher with 16 workers.
 -> (artifact id: '1c2c0269a9c0b553dd896696eaaf1669') in 0.006649 seconds
Number of updated asset objects reloaded before import = 0
Number of asset objects unloaded after import = 7
========================================================================
Received Import Request.
  Time since last request: 1407.145654 seconds.
  path: Assets/Resources/sprites/MiniBear.png
  artifactKey: Guid(0354fb8a36a5bac479d3339e24d86747) Importer(815301076,1909f56bfc062723c751e8b465ee728b)
Start importing Assets/Resources/sprites/MiniBear.png using Guid(0354fb8a36a5bac479d3339e24d86747) Importer(815301076,1909f56bfc062723c751e8b465ee728b) [PhysX] Initialized MultithreadedTaskDispatcher with 16 workers.
[PhysX] Initialized MultithreadedTaskDispatcher with 16 workers.
 -> (artifact id: '9529bf95e67fa79c9263b7fbf5b4274b') in 0.018024 seconds
Number of updated asset objects reloaded before import = 0
Number of asset objects unloaded after import = 2
========================================================================
Received Import Request.
  Time since last request: 0.000024 seconds.
  path: Assets/Resources/sprites/MiniDeer1.png
  artifactKey: Guid(d84dfcaa57327a54f842e0cc7f3e096a) Importer(815301076,1909f56bfc062723c751e8b465ee728b)
Start importing Assets/Resources/sprites/MiniDeer1.png using Guid(d84dfcaa57327a54f842e0cc7f3e096a) Importer(815301076,1909f56bfc062723c751e8b465ee728b) [PhysX] Initialized MultithreadedTaskDispatcher with 16 workers.
[PhysX] Initialized MultithreadedTaskDispatcher with 16 workers.
 -> (artifact id: '75aff21fb63a2d3e39685148c8a850ed') in 0.014212 seconds
Number of updated asset objects reloaded before import = 0
Number of asset objects unloaded after import = 2
========================================================================
Received Import Request.
  Time since last request: 0.000019 seconds.
  path: Assets/Resources/sprites/MiniBunny.png
  artifactKey: Guid(41678d6a57b2dfa4b9cea8400a0e2d21) Importer(815301076,1909f56bfc062723c751e8b465ee728b)
Start importing Assets/Resources/sprites/MiniBunny.png using Guid(41678d6a57b2dfa4b9cea8400a0e2d21) Importer(815301076,1909f56bfc062723c751e8b465ee728b) [PhysX] Initialized MultithreadedTaskDispatcher with 16 workers.
[PhysX] Initialized MultithreadedTaskDispatcher with 16 workers.
 -> (artifact id: '86956bf5eea9050f535f953fb8898572') in 0.015300 seconds
Number of updated asset objects reloaded before import = 0
Number of asset objects unloaded after import = 2
========================================================================
Received Import Request.
  Time since last request: 0.000016 seconds.
  path: Assets/Resources/sprites/MiniFox.png
  artifactKey: Guid(25e7edeb80a9aac4e9357e6adc949cc6) Importer(815301076,1909f56bfc062723c751e8b465ee728b)
Start importing Assets/Resources/sprites/MiniFox.png using Guid(25e7edeb80a9aac4e9357e6adc949cc6) Importer(815301076,1909f56bfc062723c751e8b465ee728b) [PhysX] Initialized MultithreadedTaskDispatcher with 16 workers.
[PhysX] Initialized MultithreadedTaskDispatcher with 16 workers.
 -> (artifact id: '742b8a446ce95f80eac5cef6d6a45dab') in 0.013010 seconds
Number of updated asset objects reloaded before import = 0
Number of asset objects unloaded after import = 2
========================================================================
Received Import Request.
  Time since last request: 9.609449 seconds.
  path: Assets/Resources/sprites/MiniBear.png
  artifactKey: Guid(0354fb8a36a5bac479d3339e24d86747) Importer(815301076,1909f56bfc062723c751e8b465ee728b)
Start importing Assets/Resources/sprites/MiniBear.png using Guid(0354fb8a36a5bac479d3339e24d86747) Importer(815301076,1909f56bfc062723c751e8b465ee728b) [PhysX] Initialized MultithreadedTaskDispatcher with 16 workers.
[PhysX] Initialized MultithreadedTaskDispatcher with 16 workers.
 -> (artifact id: '075bfc076abf8f39a4c39a4b5985196e') in 1.115645 seconds
Number of updated asset objects reloaded before import = 0
Number of asset objects unloaded after import = 2
========================================================================
Received Import Request.
  Time since last request: 0.000014 seconds.
  path: Assets/Resources/sprites/MiniDeer1.png
  artifactKey: Guid(d84dfcaa57327a54f842e0cc7f3e096a) Importer(815301076,1909f56bfc062723c751e8b465ee728b)
Start importing Assets/Resources/sprites/MiniDeer1.png using Guid(d84dfcaa57327a54f842e0cc7f3e096a) Importer(815301076,1909f56bfc062723c751e8b465ee728b) [PhysX] Initialized MultithreadedTaskDispatcher with 16 workers.
[PhysX] Initialized MultithreadedTaskDispatcher with 16 workers.
 -> (artifact id: '8e2c8b12535861256b84e169f0b7769b') in 0.013227 seconds
Number of updated asset objects reloaded before import = 0
Number of asset objects unloaded after import = 2
========================================================================
Received Import Request.
  Time since last request: 36.073496 seconds.
  path: Assets/Brackeys/2D Mega Pack/UI/Arrow.png
  artifactKey: Guid(09c0ffabe50dba2449423f828d63133a) Importer(815301076,1909f56bfc062723c751e8b465ee728b)
Start importing Assets/Brackeys/2D Mega Pack/UI/Arrow.png using Guid(09c0ffabe50dba2449423f828d63133a) Importer(815301076,1909f56bfc062723c751e8b465ee728b) [PhysX] Initialized MultithreadedTaskDispatcher with 16 workers.
[PhysX] Initialized MultithreadedTaskDispatcher with 16 workers.
 -> (artifact id: 'dcb70ee79e835f2d67492280e72851f9') in 0.020729 seconds
Number of updated asset objects reloaded before import = 0
Number of asset objects unloaded after import = 3
========================================================================
Received Import Request.
  Time since last request: 3.561244 seconds.
  path: Assets/Pet Cats pack/Sprites/Cat-3/Cat-3-Idle.png
  artifactKey: Guid(7db1a22237deab94bba42738b37b721d) Importer(815301076,1909f56bfc062723c751e8b465ee728b)
Start importing Assets/Pet Cats pack/Sprites/Cat-3/Cat-3-Idle.png using Guid(7db1a22237deab94bba42738b37b721d) Importer(815301076,1909f56bfc062723c751e8b465ee728b) [PhysX] Initialized MultithreadedTaskDispatcher with 16 workers.
[PhysX] Initialized MultithreadedTaskDispatcher with 16 workers.
 -> (artifact id: 'd93ba309fcda1e2a10bb680dcd38aa18') in 0.038530 seconds
Number of updated asset objects reloaded before import = 0
Number of asset objects unloaded after import = 12
========================================================================
Received Import Request.
  Time since last request: 0.281418 seconds.
  path: Assets/Pet Cats pack/Sprites/Cat-3/Cat-3-Itch.png
  artifactKey: Guid(39bc1aaa13d055647933e61902b43f48) Importer(815301076,1909f56bfc062723c751e8b465ee728b)
Start importing Assets/Pet Cats pack/Sprites/Cat-3/Cat-3-Itch.png using Guid(39bc1aaa13d055647933e61902b43f48) Importer(815301076,1909f56bfc062723c751e8b465ee728b) [PhysX] Initialized MultithreadedTaskDispatcher with 16 workers.
[PhysX] Initialized MultithreadedTaskDispatcher with 16 workers.
 -> (artifact id: 'f5241c4b64180078597ee5b28b6de553') in 0.023300 seconds
Number of updated asset objects reloaded before import = 0
Number of asset objects unloaded after import = 4
========================================================================
Received Import Request.
  Time since last request: 0.038594 seconds.
  path: Assets/Pet Cats pack/Sprites/Cat-3/Cat-3-Licking 1.png
  artifactKey: Guid(4ca7baa634788174db3724bd72751d5c) Importer(815301076,1909f56bfc062723c751e8b465ee728b)
Start importing Assets/Pet Cats pack/Sprites/Cat-3/Cat-3-Licking 1.png using Guid(4ca7baa634788174db3724bd72751d5c) Importer(815301076,1909f56bfc062723c751e8b465ee728b) [PhysX] Initialized MultithreadedTaskDispatcher with 16 workers.
[PhysX] Initialized MultithreadedTaskDispatcher with 16 workers.
 -> (artifact id: '5bc95d732840744dc9c89857a2fd764e') in 0.033575 seconds
Number of updated asset objects reloaded before import = 0
Number of asset objects unloaded after import = 7
========================================================================
Received Import Request.
  Time since last request: 0.000012 seconds.
  path: Assets/Pet Cats pack/Sprites/Cat-3/Cat-3-Sitting.png
  artifactKey: Guid(9a9c6edcac74f094ab0c175be8ea553f) Importer(815301076,1909f56bfc062723c751e8b465ee728b)
Start importing Assets/Pet Cats pack/Sprites/Cat-3/Cat-3-Sitting.png using Guid(9a9c6edcac74f094ab0c175be8ea553f) Importer(815301076,1909f56bfc062723c751e8b465ee728b) [PhysX] Initialized MultithreadedTaskDispatcher with 16 workers.
[PhysX] Initialized MultithreadedTaskDispatcher with 16 workers.
 -> (artifact id: '250f3304962105cfaa4b79218737e73b') in 0.014800 seconds
Number of updated asset objects reloaded before import = 0
Number of asset objects unloaded after import = 3
========================================================================
Received Import Request.
  Time since last request: 0.324327 seconds.
  path: Assets/Pet Cats pack/Sprites/Cat-3/Cat-3-Sleeping1.png
  artifactKey: Guid(21ee82b1de3db8e4eb61e0917ecb9bdd) Importer(815301076,1909f56bfc062723c751e8b465ee728b)
Start importing Assets/Pet Cats pack/Sprites/Cat-3/Cat-3-Sleeping1.png using Guid(21ee82b1de3db8e4eb61e0917ecb9bdd) Importer(815301076,1909f56bfc062723c751e8b465ee728b) [PhysX] Initialized MultithreadedTaskDispatcher with 16 workers.
[PhysX] Initialized MultithreadedTaskDispatcher with 16 workers.
 -> (artifact id: 'f13df0f7aebf4c140de24838ee3d08f2') in 0.013876 seconds
Number of updated asset objects reloaded before import = 0
Number of asset objects unloaded after import = 3
========================================================================
Received Import Request.
  Time since last request: 0.023176 seconds.
  path: Assets/Pet Cats pack/Sprites/Cat-3/Cat-3-Walk.png
  artifactKey: Guid(e12c0d5636c9ad545abfb24d54839071) Importer(815301076,1909f56bfc062723c751e8b465ee728b)
Start importing Assets/Pet Cats pack/Sprites/Cat-3/Cat-3-Walk.png using Guid(e12c0d5636c9ad545abfb24d54839071) Importer(815301076,1909f56bfc062723c751e8b465ee728b) [PhysX] Initialized MultithreadedTaskDispatcher with 16 workers.
[PhysX] Initialized MultithreadedTaskDispatcher with 16 workers.
 -> (artifact id: '35163c449b6d06e60b3b34a8db747b92') in 0.040871 seconds
Number of updated asset objects reloaded before import = 0
Number of asset objects unloaded after import = 10
========================================================================
Received Import Request.
  Time since last request: 0.257040 seconds.
  path: Assets/Pet Cats pack/Sprites/Cat-4/Cat-4-Itch.png
  artifactKey: Guid(d50d7152b79da954d99d91bc22bdf2ea) Importer(815301076,1909f56bfc062723c751e8b465ee728b)
Start importing Assets/Pet Cats pack/Sprites/Cat-4/Cat-4-Itch.png using Guid(d50d7152b79da954d99d91bc22bdf2ea) Importer(815301076,1909f56bfc062723c751e8b465ee728b) [PhysX] Initialized MultithreadedTaskDispatcher with 16 workers.
[PhysX] Initialized MultithreadedTaskDispatcher with 16 workers.
 -> (artifact id: '2b35068b2924a9fb92014abde8908c5e') in 0.022443 seconds
Number of updated asset objects reloaded before import = 0
Number of asset objects unloaded after import = 4
========================================================================
Received Import Request.
  Time since last request: 0.032112 seconds.
  path: Assets/Pet Cats pack/Sprites/Cat-4/Cat-4-Licking 1.png
  artifactKey: Guid(1da54fb549f0d20479096a395c4e037f) Importer(815301076,1909f56bfc062723c751e8b465ee728b)
Start importing Assets/Pet Cats pack/Sprites/Cat-4/Cat-4-Licking 1.png using Guid(1da54fb549f0d20479096a395c4e037f) Importer(815301076,1909f56bfc062723c751e8b465ee728b) [PhysX] Initialized MultithreadedTaskDispatcher with 16 workers.
[PhysX] Initialized MultithreadedTaskDispatcher with 16 workers.
 -> (artifact id: '38172e4ee009318bad12d05cf6043695') in 0.027456 seconds
Number of updated asset objects reloaded before import = 0
Number of asset objects unloaded after import = 7
========================================================================
Received Import Request.
  Time since last request: 0.287694 seconds.
  path: Assets/Pet Cats pack/Sprites/Cat-4/Cat-4-Sitting.png
  artifactKey: Guid(5a7b7a2372c9d36468409b34488877d9) Importer(815301076,1909f56bfc062723c751e8b465ee728b)
Start importing Assets/Pet Cats pack/Sprites/Cat-4/Cat-4-Sitting.png using Guid(5a7b7a2372c9d36468409b34488877d9) Importer(815301076,1909f56bfc062723c751e8b465ee728b) [PhysX] Initialized MultithreadedTaskDispatcher with 16 workers.
[PhysX] Initialized MultithreadedTaskDispatcher with 16 workers.
 -> (artifact id: 'ac09ff31907984a6ce0f5de9f8ecc217') in 0.015128 seconds
Number of updated asset objects reloaded before import = 0
Number of asset objects unloaded after import = 3
========================================================================
Received Import Request.
  Time since last request: 0.022095 seconds.
  path: Assets/Pet Cats pack/Sprites/Cat-4/Cat-4-Walk.png
  artifactKey: Guid(9aa7249709763ea4c86134fef8dba5a5) Importer(815301076,1909f56bfc062723c751e8b465ee728b)
Start importing Assets/Pet Cats pack/Sprites/Cat-4/Cat-4-Walk.png using Guid(9aa7249709763ea4c86134fef8dba5a5) Importer(815301076,1909f56bfc062723c751e8b465ee728b) [PhysX] Initialized MultithreadedTaskDispatcher with 16 workers.
[PhysX] Initialized MultithreadedTaskDispatcher with 16 workers.
 -> (artifact id: 'f75bdcc9d8ca6da6f10789d6de94927e') in 0.047428 seconds
Number of updated asset objects reloaded before import = 0
Number of asset objects unloaded after import = 10
========================================================================
Received Import Request.
  Time since last request: 0.224692 seconds.
  path: Assets/Pet Cats pack/Sprites/Cat-5/Cat-5-Itch.png
  artifactKey: Guid(89468f40932ca4446877b535bcd1cf2a) Importer(815301076,1909f56bfc062723c751e8b465ee728b)
Start importing Assets/Pet Cats pack/Sprites/Cat-5/Cat-5-Itch.png using Guid(89468f40932ca4446877b535bcd1cf2a) Importer(815301076,1909f56bfc062723c751e8b465ee728b) [PhysX] Initialized MultithreadedTaskDispatcher with 16 workers.
[PhysX] Initialized MultithreadedTaskDispatcher with 16 workers.
 -> (artifact id: '5cc55aa05383ab441562ab83e331f1b9') in 0.021239 seconds
Number of updated asset objects reloaded before import = 0
Number of asset objects unloaded after import = 4
========================================================================
Received Import Request.
  Time since last request: 0.027298 seconds.
  path: Assets/Pet Cats pack/Sprites/Cat-5/Cat-5-Meow.png
  artifactKey: Guid(a6d8162011437af40a81f51c663c8730) Importer(815301076,1909f56bfc062723c751e8b465ee728b)
Start importing Assets/Pet Cats pack/Sprites/Cat-5/Cat-5-Meow.png using Guid(a6d8162011437af40a81f51c663c8730) Importer(815301076,1909f56bfc062723c751e8b465ee728b) [PhysX] Initialized MultithreadedTaskDispatcher with 16 workers.
[PhysX] Initialized MultithreadedTaskDispatcher with 16 workers.
 -> (artifact id: '454d7164c9faefada8d31db607dcbd60') in 0.022576 seconds
Number of updated asset objects reloaded before import = 0
Number of asset objects unloaded after import = 6
========================================================================
Received Import Request.
  Time since last request: 0.238863 seconds.
  path: Assets/Pet Cats pack/Sprites/Cat-5/Cat-5-Sitting.png
  artifactKey: Guid(ce95cc2f5b9c966458d789eb4b4b2654) Importer(815301076,1909f56bfc062723c751e8b465ee728b)
Start importing Assets/Pet Cats pack/Sprites/Cat-5/Cat-5-Sitting.png using Guid(ce95cc2f5b9c966458d789eb4b4b2654) Importer(815301076,1909f56bfc062723c751e8b465ee728b) [PhysX] Initialized MultithreadedTaskDispatcher with 16 workers.
[PhysX] Initialized MultithreadedTaskDispatcher with 16 workers.
 -> (artifact id: '77718639cdd10e1a18c4c4529337cd79') in 0.017781 seconds
Number of updated asset objects reloaded before import = 0
Number of asset objects unloaded after import = 3
========================================================================
Received Import Request.
  Time since last request: 0.036564 seconds.
  path: Assets/Pet Cats pack/Sprites/Cat-5/Cat-5-Walk.png
  artifactKey: Guid(7eac5270efcdc4043bccba1af8e50f1d) Importer(815301076,1909f56bfc062723c751e8b465ee728b)
Start importing Assets/Pet Cats pack/Sprites/Cat-5/Cat-5-Walk.png using Guid(7eac5270efcdc4043bccba1af8e50f1d) Importer(815301076,1909f56bfc062723c751e8b465ee728b) [PhysX] Initialized MultithreadedTaskDispatcher with 16 workers.
[PhysX] Initialized MultithreadedTaskDispatcher with 16 workers.
 -> (artifact id: 'd208b419e29a2a554d3b2cc9a80413e8') in 0.028993 seconds
Number of updated asset objects reloaded before import = 0
Number of asset objects unloaded after import = 10
========================================================================
Received Import Request.
  Time since last request: 0.646085 seconds.
  path: Assets/Brackeys/2D Mega Pack/UI/Cursors/Cursor_Normal.png
  artifactKey: Guid(d673263d78ce47f488b74edbdd14b6f2) Importer(815301076,1909f56bfc062723c751e8b465ee728b)
Start importing Assets/Brackeys/2D Mega Pack/UI/Cursors/Cursor_Normal.png using Guid(d673263d78ce47f488b74edbdd14b6f2) Importer(815301076,1909f56bfc062723c751e8b465ee728b) [PhysX] Initialized MultithreadedTaskDispatcher with 16 workers.
[PhysX] Initialized MultithreadedTaskDispatcher with 16 workers.
 -> (artifact id: '7d6b1f6d4a3df35a51c23d515eca0a58') in 0.015813 seconds
Number of updated asset objects reloaded before import = 0
Number of asset objects unloaded after import = 3
========================================================================
Received Import Request.
  Time since last request: 0.018022 seconds.
  path: Assets/Brackeys/2D Mega Pack/UI/Dialogue.png
  artifactKey: Guid(9b337a360b84fa9428fe7dbe7774012f) Importer(815301076,1909f56bfc062723c751e8b465ee728b)
Start importing Assets/Brackeys/2D Mega Pack/UI/Dialogue.png using Guid(9b337a360b84fa9428fe7dbe7774012f) Importer(815301076,1909f56bfc062723c751e8b465ee728b) [PhysX] Initialized MultithreadedTaskDispatcher with 16 workers.
[PhysX] Initialized MultithreadedTaskDispatcher with 16 workers.
 -> (artifact id: '91a752a187f36f61eb1b80407ebdf12b') in 0.024512 seconds
Number of updated asset objects reloaded before import = 0
Number of asset objects unloaded after import = 3
========================================================================
Received Import Request.
  Time since last request: 0.276538 seconds.
  path: Assets/BayatGames/Free Platform Game Assets/Character/Character Source/png/1x/LeftHand&Arm.png
  artifactKey: Guid(da0a680ffa7a35044b4b43dcd7beda07) Importer(815301076,1909f56bfc062723c751e8b465ee728b)
Start importing Assets/BayatGames/Free Platform Game Assets/Character/Character Source/png/1x/LeftHand&Arm.png using Guid(da0a680ffa7a35044b4b43dcd7beda07) Importer(815301076,1909f56bfc062723c751e8b465ee728b) [PhysX] Initialized MultithreadedTaskDispatcher with 16 workers.
[PhysX] Initialized MultithreadedTaskDispatcher with 16 workers.
 -> (artifact id: '45fb9cf46dadfd065d80c8f320b8f018') in 0.015169 seconds
Number of updated asset objects reloaded before import = 0
Number of asset objects unloaded after import = 3
========================================================================
Received Import Request.
  Time since last request: 0.000911 seconds.
  path: Assets/Brackeys/2D Mega Pack/UI/Panel.png
  artifactKey: Guid(2d2a8283297ec2145995167477834885) Importer(815301076,1909f56bfc062723c751e8b465ee728b)
Start importing Assets/Brackeys/2D Mega Pack/UI/Panel.png using Guid(2d2a8283297ec2145995167477834885) Importer(815301076,1909f56bfc062723c751e8b465ee728b) [PhysX] Initialized MultithreadedTaskDispatcher with 16 workers.
[PhysX] Initialized MultithreadedTaskDispatcher with 16 workers.
 -> (artifact id: '790defdbe3d7f766419c582947a08d23') in 0.012318 seconds
Number of updated asset objects reloaded before import = 0
Number of asset objects unloaded after import = 3
========================================================================
Received Import Request.
  Time since last request: 0.018937 seconds.
  path: Assets/BayatGames/Free Platform Game Assets/Character/Character Source/png/1x/RightHand&Arm.png
  artifactKey: Guid(1522717752b33424eb99ca876b572985) Importer(815301076,1909f56bfc062723c751e8b465ee728b)
Start importing Assets/BayatGames/Free Platform Game Assets/Character/Character Source/png/1x/RightHand&Arm.png using Guid(1522717752b33424eb99ca876b572985) Importer(815301076,1909f56bfc062723c751e8b465ee728b) [PhysX] Initialized MultithreadedTaskDispatcher with 16 workers.
[PhysX] Initialized MultithreadedTaskDispatcher with 16 workers.
 -> (artifact id: 'bc38a8540b76ee3e7cee0ef77e681dab') in 0.014117 seconds
Number of updated asset objects reloaded before import = 0
Number of asset objects unloaded after import = 3
========================================================================
Received Import Request.
  Time since last request: 0.001661 seconds.
  path: Assets/BayatGames/Free Platform Game Assets/Enemies/Enemies/png/128x128/Spike_Left&down.png
  artifactKey: Guid(9313547624ac5ad4f859f9b6feba896e) Importer(815301076,1909f56bfc062723c751e8b465ee728b)
Start importing Assets/BayatGames/Free Platform Game Assets/Enemies/Enemies/png/128x128/Spike_Left&down.png using Guid(9313547624ac5ad4f859f9b6feba896e) Importer(815301076,1909f56bfc062723c751e8b465ee728b) [PhysX] Initialized MultithreadedTaskDispatcher with 16 workers.
[PhysX] Initialized MultithreadedTaskDispatcher with 16 workers.
 -> (artifact id: '9f39affd2f66ce01aadba3866e05b89e') in 0.018294 seconds
Number of updated asset objects reloaded before import = 0
Number of asset objects unloaded after import = 3
========================================================================
Received Import Request.
  Time since last request: 79.982285 seconds.
  path: Assets/art
  artifactKey: Guid(26da3b0ba6760844ab55bb301a843a34) Importer(815301076,1909f56bfc062723c751e8b465ee728b)
Start importing Assets/art using Guid(26da3b0ba6760844ab55bb301a843a34) Importer(815301076,1909f56bfc062723c751e8b465ee728b) [PhysX] Initialized MultithreadedTaskDispatcher with 16 workers.
 -> (artifact id: 'd4410b241fa5619c75c44c8d457276da') in 0.000563 seconds
Number of updated asset objects reloaded before import = 0
Number of asset objects unloaded after import = 0
========================================================================
Received Import Request.
  Time since last request: 14.320850 seconds.
  path: Assets/art/MiniBear.png
  artifactKey: Guid(853efa11106ec0942afb62eb37d15392) Importer(815301076,1909f56bfc062723c751e8b465ee728b)
Start importing Assets/art/MiniBear.png using Guid(853efa11106ec0942afb62eb37d15392) Importer(815301076,1909f56bfc062723c751e8b465ee728b) [PhysX] Initialized MultithreadedTaskDispatcher with 16 workers.
[PhysX] Initialized MultithreadedTaskDispatcher with 16 workers.
 -> (artifact id: '7792f6256dd5e01c0fe04cf6b3380170') in 0.004996 seconds
Number of updated asset objects reloaded before import = 0
Number of asset objects unloaded after import = 2
========================================================================
Received Import Request.
  Time since last request: 0.002689 seconds.
  path: Assets/art/MiniBunny.png
  artifactKey: Guid(782d605d266d08a46bc2aba0d800b585) Importer(815301076,1909f56bfc062723c751e8b465ee728b)
Start importing Assets/art/MiniBunny.png using Guid(782d605d266d08a46bc2aba0d800b585) Importer(815301076,1909f56bfc062723c751e8b465ee728b) [PhysX] Initialized MultithreadedTaskDispatcher with 16 workers.
[PhysX] Initialized MultithreadedTaskDispatcher with 16 workers.
 -> (artifact id: 'baa4d768a14c727228b41104fc57b625') in 0.006244 seconds
Number of updated asset objects reloaded before import = 0
Number of asset objects unloaded after import = 2
========================================================================
Received Import Request.
  Time since last request: 0.000058 seconds.
  path: Assets/art/MiniFox.png
  artifactKey: Guid(da89156d4cf34724db4a83c51368d6d0) Importer(815301076,1909f56bfc062723c751e8b465ee728b)
Start importing Assets/art/MiniFox.png using Guid(da89156d4cf34724db4a83c51368d6d0) Importer(815301076,1909f56bfc062723c751e8b465ee728b) [PhysX] Initialized MultithreadedTaskDispatcher with 16 workers.
[PhysX] Initialized MultithreadedTaskDispatcher with 16 workers.
 -> (artifact id: 'c5ffdd8c5619bf0248201079c36f9dda') in 0.005732 seconds
Number of updated asset objects reloaded before import = 0
Number of asset objects unloaded after import = 2
========================================================================
Received Import Request.
  Time since last request: 0.000013 seconds.
  path: Assets/art/MiniWolf.png
  artifactKey: Guid(b0597c92ec3879747990204e3d9c4db2) Importer(815301076,1909f56bfc062723c751e8b465ee728b)
Start importing Assets/art/MiniWolf.png using Guid(b0597c92ec3879747990204e3d9c4db2) Importer(815301076,1909f56bfc062723c751e8b465ee728b) [PhysX] Initialized MultithreadedTaskDispatcher with 16 workers.
[PhysX] Initialized MultithreadedTaskDispatcher with 16 workers.
 -> (artifact id: '1f6bac8efd882c8184bccb0fe52d4f0d') in 0.005356 seconds
Number of updated asset objects reloaded before import = 0
Number of asset objects unloaded after import = 2
========================================================================
Received Import Request.
  Time since last request: 0.000017 seconds.
  path: Assets/art/MiniDeer1.png
  artifactKey: Guid(ed6410f7edc733f4abb40ad697ea5ba5) Importer(815301076,1909f56bfc062723c751e8b465ee728b)
Start importing Assets/art/MiniDeer1.png using Guid(ed6410f7edc733f4abb40ad697ea5ba5) Importer(815301076,1909f56bfc062723c751e8b465ee728b) [PhysX] Initialized MultithreadedTaskDispatcher with 16 workers.
[PhysX] Initialized MultithreadedTaskDispatcher with 16 workers.
 -> (artifact id: '666e1c8f2c361a168c53c9547c04a86f') in 0.005297 seconds
Number of updated asset objects reloaded before import = 0
Number of asset objects unloaded after import = 2
========================================================================
Received Import Request.
  Time since last request: 9.878262 seconds.
  path: Assets/art/MiniDeer1.png
  artifactKey: Guid(ed6410f7edc733f4abb40ad697ea5ba5) Importer(815301076,1909f56bfc062723c751e8b465ee728b)
Start importing Assets/art/MiniDeer1.png using Guid(ed6410f7edc733f4abb40ad697ea5ba5) Importer(815301076,1909f56bfc062723c751e8b465ee728b) [PhysX] Initialized MultithreadedTaskDispatcher with 16 workers.
[PhysX] Initialized MultithreadedTaskDispatcher with 16 workers.
 -> (artifact id: '44ef2df873a421fc882be94fc8067be8') in 0.011089 seconds
Number of updated asset objects reloaded before import = 0
Number of asset objects unloaded after import = 2
========================================================================
Received Import Request.
  Time since last request: 0.018029 seconds.
  path: Assets/art/MiniBear.png
  artifactKey: Guid(853efa11106ec0942afb62eb37d15392) Importer(815301076,1909f56bfc062723c751e8b465ee728b)
Start importing Assets/art/MiniBear.png using Guid(853efa11106ec0942afb62eb37d15392) Importer(815301076,1909f56bfc062723c751e8b465ee728b) [PhysX] Initialized MultithreadedTaskDispatcher with 16 workers.
[PhysX] Initialized MultithreadedTaskDispatcher with 16 workers.
 -> (artifact id: '0b89cbc5f09c310e7141c65208c8bc38') in 0.012473 seconds
Number of updated asset objects reloaded before import = 0
Number of asset objects unloaded after import = 2
========================================================================
Received Import Request.
  Time since last request: 0.000017 seconds.
  path: Assets/art/MiniFox.png
  artifactKey: Guid(da89156d4cf34724db4a83c51368d6d0) Importer(815301076,1909f56bfc062723c751e8b465ee728b)
Start importing Assets/art/MiniFox.png using Guid(da89156d4cf34724db4a83c51368d6d0) Importer(815301076,1909f56bfc062723c751e8b465ee728b) [PhysX] Initialized MultithreadedTaskDispatcher with 16 workers.
[PhysX] Initialized MultithreadedTaskDispatcher with 16 workers.
 -> (artifact id: '44399ccb5dd962142c063bcefe1a3231') in 0.013474 seconds
Number of updated asset objects reloaded before import = 0
Number of asset objects unloaded after import = 2
========================================================================
Received Import Request.
  Time since last request: 0.000013 seconds.
  path: Assets/art/MiniDeer2.png
  artifactKey: Guid(24305a3b5535cee438c888d830af49a3) Importer(815301076,1909f56bfc062723c751e8b465ee728b)
Start importing Assets/art/MiniDeer2.png using Guid(24305a3b5535cee438c888d830af49a3) Importer(815301076,1909f56bfc062723c751e8b465ee728b) [PhysX] Initialized MultithreadedTaskDispatcher with 16 workers.
[PhysX] Initialized MultithreadedTaskDispatcher with 16 workers.
 -> (artifact id: '03399b8486184bbddaf919e75a626cac') in 0.013906 seconds
Number of updated asset objects reloaded before import = 0
Number of asset objects unloaded after import = 2
Editor requested this worker to shutdown with reason: Scaling down because of idle timeout
TcpMessagingSession - receive error: operation aborted. errorcode: 995, details: The I/O operation has been aborted because of either a thread exit or an application request.
AssetImportWorker is now disconnected from the server
Process exiting
Exiting without the bug reporter. Application will terminate with return code 0