Using pre-set license
Built from '2022.3/staging' branch; Version is '2022.3.60f1 (5f63fdee6d95) revision 6251517'; Using compiler version '192829333'; Build Type 'Release'
OS: 'Windows 11  (10.0.26100) 64bit Core' Language: 'en' Physical Memory: 32677 MB
BatchMode: 1, IsHumanControllingUs: 0, StartBugReporterOnCrash: 0, Is64bit: 1, IsPro: 1

COMMAND LINE ARGUMENTS:
C:\Program Files\Unity\Hub\Editor\2022.3.60f1\Editor\Unity.exe
-adb2
-batchMode
-noUpm
-name
AssetImportWorker5
-projectPath
D:/Projects/School Projects/Unlimited Games and none/Simulation2/EvolveGame/EvolveGame
-logFile
Logs/AssetImportWorker5.log
-srvPort
64881
Successfully changed project path to: D:/Projects/School Projects/Unlimited Games and none/Simulation2/EvolveGame/EvolveGame
D:/Projects/School Projects/Unlimited Games and none/Simulation2/EvolveGame/EvolveGame
[UnityMemory] Configuration Parameters - Can be set up in boot.config
    "memorysetup-bucket-allocator-granularity=16"
    "memorysetup-bucket-allocator-bucket-count=8"
    "memorysetup-bucket-allocator-block-size=33554432"
    "memorysetup-bucket-allocator-block-count=8"
    "memorysetup-main-allocator-block-size=16777216"
    "memorysetup-thread-allocator-block-size=16777216"
    "memorysetup-gfx-main-allocator-block-size=16777216"
    "memorysetup-gfx-thread-allocator-block-size=16777216"
    "memorysetup-cache-allocator-block-size=4194304"
    "memorysetup-typetree-allocator-block-size=2097152"
    "memorysetup-profiler-bucket-allocator-granularity=16"
    "memorysetup-profiler-bucket-allocator-bucket-count=8"
    "memorysetup-profiler-bucket-allocator-block-size=33554432"
    "memorysetup-profiler-bucket-allocator-block-count=8"
    "memorysetup-profiler-allocator-block-size=16777216"
    "memorysetup-profiler-editor-allocator-block-size=1048576"
    "memorysetup-temp-allocator-size-main=16777216"
    "memorysetup-job-temp-allocator-block-size=2097152"
    "memorysetup-job-temp-allocator-block-size-background=1048576"
    "memorysetup-job-temp-allocator-reduction-small-platforms=262144"
    "memorysetup-allocator-temp-initial-block-size-main=262144"
    "memorysetup-allocator-temp-initial-block-size-worker=262144"
    "memorysetup-temp-allocator-size-background-worker=32768"
    "memorysetup-temp-allocator-size-job-worker=262144"
    "memorysetup-temp-allocator-size-preload-manager=33554432"
    "memorysetup-temp-allocator-size-nav-mesh-worker=65536"
    "memorysetup-temp-allocator-size-audio-worker=65536"
    "memorysetup-temp-allocator-size-cloud-worker=32768"
    "memorysetup-temp-allocator-size-gi-baking-worker=262144"
    "memorysetup-temp-allocator-size-gfx=262144"
Player connection [8456]  Target information:

Player connection [8456]  * "[IP] 172.30.135.38 [Port] 0 [Flags] 2 [Guid] 4108780529 [EditorId] 4108780529 [Version] 1048832 [Id] WindowsEditor(7,Jarvis) [Debug] 1 [PackageName] WindowsEditor [ProjectName] Editor" 

Player connection [8456] Host joined multi-casting on [225.0.0.222:54997]...
Player connection [8456] Host joined alternative multi-casting on [225.0.0.222:34997]...
Input System module state changed to: Initialized.
[PhysX] Initialized MultithreadedTaskDispatcher with 16 workers.
Refreshing native plugins compatible for Editor in 6.20 ms, found 3 plugins.
Preloading 0 native plugins for Editor in 0.00 ms.
Initialize engine version: 2022.3.60f1 (5f63fdee6d95)
[Subsystems] Discovering subsystems at path C:/Program Files/Unity/Hub/Editor/2022.3.60f1/Editor/Data/Resources/UnitySubsystems
[Subsystems] Discovering subsystems at path D:/Projects/School Projects/Unlimited Games and none/Simulation2/EvolveGame/EvolveGame/Assets
GfxDevice: creating device client; threaded=0; jobified=0
Direct3D:
    Version:  Direct3D 11.0 [level 11.1]
    Renderer: NVIDIA GeForce RTX 2080 SUPER (ID=0x1e81)
    Vendor:   NVIDIA
    VRAM:     7987 MB
    Driver:   32.0.15.7283
Initialize mono
Mono path[0] = 'C:/Program Files/Unity/Hub/Editor/2022.3.60f1/Editor/Data/Managed'
Mono path[1] = 'C:/Program Files/Unity/Hub/Editor/2022.3.60f1/Editor/Data/MonoBleedingEdge/lib/mono/unityjit-win32'
Mono config path = 'C:/Program Files/Unity/Hub/Editor/2022.3.60f1/Editor/Data/MonoBleedingEdge/etc'
Using monoOptions --debugger-agent=transport=dt_socket,embedding=1,server=y,suspend=n,address=127.0.0.1:56652
Begin MonoManager ReloadAssembly
Registering precompiled unity dll's ...
Register platform support module: C:/Program Files/Unity/Hub/Editor/2022.3.60f1/Editor/Data/PlaybackEngines/WebGLSupport/UnityEditor.WebGL.Extensions.dll
Register platform support module: C:/Program Files/Unity/Hub/Editor/2022.3.60f1/Editor/Data/PlaybackEngines/WindowsStandaloneSupport/UnityEditor.WindowsStandalone.Extensions.dll
Registered in 0.008122 seconds.
- Loaded All Assemblies, in  0.344 seconds
Native extension for WindowsStandalone target not found
Native extension for WebGL target not found
Mono: successfully reloaded assembly
- Finished resetting the current domain, in  0.254 seconds
Domain Reload Profiling: 596ms
	BeginReloadAssembly (102ms)
		ExecutionOrderSort (0ms)
		DisableScriptedObjects (0ms)
		BackupInstance (0ms)
		ReleaseScriptingObjects (0ms)
		CreateAndSetChildDomain (1ms)
	RebuildCommonClasses (34ms)
	RebuildNativeTypeToScriptingClass (10ms)
	initialDomainReloadingComplete (56ms)
	LoadAllAssembliesAndSetupDomain (140ms)
		LoadAssemblies (100ms)
		RebuildTransferFunctionScriptingTraits (0ms)
		AnalyzeDomain (138ms)
			TypeCache.Refresh (137ms)
				TypeCache.ScanAssembly (125ms)
			ScanForSourceGeneratedMonoScriptInfo (0ms)
			ResolveRequiredComponents (0ms)
	FinalizeReload (255ms)
		ReleaseScriptCaches (0ms)
		RebuildScriptCaches (0ms)
		SetupLoadedEditorAssemblies (211ms)
			LogAssemblyErrors (0ms)
			InitializePlatformSupportModulesInManaged (10ms)
			SetLoadedEditorAssemblies (5ms)
			RefreshPlugins (0ms)
			BeforeProcessingInitializeOnLoad (2ms)
			ProcessInitializeOnLoadAttributes (147ms)
			ProcessInitializeOnLoadMethodAttributes (47ms)
			AfterProcessingInitializeOnLoad (0ms)
			EditorAssembliesLoaded (0ms)
		ExecutionOrderSort2 (0ms)
		AwakeInstancesAfterBackupRestoration (0ms)
========================================================================
Worker process is ready to serve import requests
Caller must complete domain reload
Begin MonoManager ReloadAssembly
- Loaded All Assemblies, in  0.553 seconds
Native extension for WindowsStandalone target not found
Native extension for WebGL target not found
Mono: successfully reloaded assembly
- Finished resetting the current domain, in  0.511 seconds
Domain Reload Profiling: 1062ms
	BeginReloadAssembly (134ms)
		ExecutionOrderSort (0ms)
		DisableScriptedObjects (5ms)
		BackupInstance (0ms)
		ReleaseScriptingObjects (0ms)
		CreateAndSetChildDomain (17ms)
	RebuildCommonClasses (32ms)
	RebuildNativeTypeToScriptingClass (10ms)
	initialDomainReloadingComplete (39ms)
	LoadAllAssembliesAndSetupDomain (336ms)
		LoadAssemblies (246ms)
		RebuildTransferFunctionScriptingTraits (0ms)
		AnalyzeDomain (170ms)
			TypeCache.Refresh (150ms)
				TypeCache.ScanAssembly (136ms)
			ScanForSourceGeneratedMonoScriptInfo (14ms)
			ResolveRequiredComponents (5ms)
	FinalizeReload (511ms)
		ReleaseScriptCaches (0ms)
		RebuildScriptCaches (0ms)
		SetupLoadedEditorAssemblies (386ms)
			LogAssemblyErrors (0ms)
			InitializePlatformSupportModulesInManaged (7ms)
			SetLoadedEditorAssemblies (3ms)
			RefreshPlugins (0ms)
			BeforeProcessingInitializeOnLoad (53ms)
			ProcessInitializeOnLoadAttributes (295ms)
			ProcessInitializeOnLoadMethodAttributes (21ms)
			AfterProcessingInitializeOnLoad (7ms)
			EditorAssembliesLoaded (0ms)
		ExecutionOrderSort2 (0ms)
		AwakeInstancesAfterBackupRestoration (7ms)
Launched and connected shader compiler UnityShaderCompiler.exe after 0.04 seconds
Refreshing native plugins compatible for Editor in 3.12 ms, found 3 plugins.
Preloading 0 native plugins for Editor in 0.00 ms.
Unloading 3143 Unused Serialized files (Serialized files now loaded: 0)
Unloading 19 unused Assets / (54.9 KB). Loaded Objects now: 3610.
Memory consumption went from 120.0 MB to 119.9 MB.
Total: 2.623400 ms (FindLiveObjects: 0.218400 ms CreateObjectMapping: 0.205600 ms MarkObjects: 2.123800 ms  DeleteObjects: 0.074600 ms)

AssetImportParameters requested are different than current active one (requested -> active):
  custom:container-demuxer-ogg: 62fdf1f143b41e24485cea50d1cbac27 -> 
  custom:video-decoder-ogg-theora: a1e56fd34408186e4bbccfd4996cb3dc -> 
  custom:framework-win-MediaFoundation: 216162199b28c13a410421893ffa2e32 -> 
  custom:CustomObjectIndexerAttribute: 9a22284fe3817be447336de3de66b15e -> 
  custom:container-demuxer-webm: 4f35f7cbe854078d1ac9338744f61a02 -> 
  custom:container-muxer-webm: aa71ff27fc2769a1b78a27578f13a17b -> 
  custom:video-decoder-webm-vp8: 9c59270c3fd7afecdb556c50c9e8de78 -> 
  custom:SearchIndexIgnoredProperties: e643bd26f0fe6173181afceb89e7c659 -> 
  custom:AudioImporter_EditorPlatform: d09bf68614088b80899f8185d706f6e7 -> 
  custom:video-encoder-webm-vp8: eb34c28f22e8b96e1ab97ce403110664 -> 
  custom:audio-decoder-ogg-vorbis: bf7c407c2cedff20999df2af8eb42d56 -> 
  custom:audio-encoder-webm-vorbis: bf7c407c2cedff20999df2af8eb42d56 -> 
========================================================================
Received Import Request.
  Time since last request: 53388.880388 seconds.
  path: Assets/Pet Cats pack/Sprites/Cat-2/Cat-2-Licking 1.png
  artifactKey: Guid(d2362876c3ea354468cb7816614b03eb) Importer(815301076,1909f56bfc062723c751e8b465ee728b)
Start importing Assets/Pet Cats pack/Sprites/Cat-2/Cat-2-Licking 1.png using Guid(d2362876c3ea354468cb7816614b03eb) Importer(815301076,1909f56bfc062723c751e8b465ee728b) [PhysX] Initialized MultithreadedTaskDispatcher with 16 workers.
[PhysX] Initialized MultithreadedTaskDispatcher with 16 workers.
 -> (artifact id: 'b1434fdad3e294804a1bc5aa4ff32da3') in 0.124465 seconds
Number of updated asset objects reloaded before import = 0
Number of asset objects unloaded after import = 7
========================================================================
Received Import Request.
  Time since last request: 15.202735 seconds.
  path: Assets/Pet Cats pack/Sprites/Cat-6/Cat-6-Licking 1.png
  artifactKey: Guid(9da28cca5f0549649bd7adfc6aa2cbb1) Importer(815301076,1909f56bfc062723c751e8b465ee728b)
Start importing Assets/Pet Cats pack/Sprites/Cat-6/Cat-6-Licking 1.png using Guid(9da28cca5f0549649bd7adfc6aa2cbb1) Importer(815301076,1909f56bfc062723c751e8b465ee728b) [PhysX] Initialized MultithreadedTaskDispatcher with 16 workers.
[PhysX] Initialized MultithreadedTaskDispatcher with 16 workers.
 -> (artifact id: '0ce97e06d709ccbef2fa80f26b301184') in 0.030480 seconds
Number of updated asset objects reloaded before import = 0
Number of asset objects unloaded after import = 7
========================================================================
Received Import Request.
  Time since last request: 0.000017 seconds.
  path: Assets/Pet Cats pack/Sprites/Cat-6/Cat-6-Sleeping1.png
  artifactKey: Guid(ac475537dbff9384d9c1a28292f2f92a) Importer(815301076,1909f56bfc062723c751e8b465ee728b)
Start importing Assets/Pet Cats pack/Sprites/Cat-6/Cat-6-Sleeping1.png using Guid(ac475537dbff9384d9c1a28292f2f92a) Importer(815301076,1909f56bfc062723c751e8b465ee728b) [PhysX] Initialized MultithreadedTaskDispatcher with 16 workers.
[PhysX] Initialized MultithreadedTaskDispatcher with 16 workers.
 -> (artifact id: '36f26971d13a51516e6a0ae744862576') in 0.018029 seconds
Number of updated asset objects reloaded before import = 0
Number of asset objects unloaded after import = 3
========================================================================
Received Import Request.
  Time since last request: 0.000016 seconds.
  path: Assets/Pet Cats pack/Sprites/Cat-6/Cat-6-Sitting.png
  artifactKey: Guid(e7ce039764af4354ba01f9f5ee067645) Importer(815301076,1909f56bfc062723c751e8b465ee728b)
Start importing Assets/Pet Cats pack/Sprites/Cat-6/Cat-6-Sitting.png using Guid(e7ce039764af4354ba01f9f5ee067645) Importer(815301076,1909f56bfc062723c751e8b465ee728b) [PhysX] Initialized MultithreadedTaskDispatcher with 16 workers.
[PhysX] Initialized MultithreadedTaskDispatcher with 16 workers.
 -> (artifact id: '0b946c20e4d8a5f9a8fd42525420dc3e') in 0.017396 seconds
Number of updated asset objects reloaded before import = 0
Number of asset objects unloaded after import = 3
========================================================================
Received Import Request.
  Time since last request: 0.000018 seconds.
  path: Assets/Pet Cats pack/Sprites/Cat-6/Cat-6-Stretching.png
  artifactKey: Guid(8b84f3e518e740f4ebe2f2fae095802c) Importer(815301076,1909f56bfc062723c751e8b465ee728b)
Start importing Assets/Pet Cats pack/Sprites/Cat-6/Cat-6-Stretching.png using Guid(8b84f3e518e740f4ebe2f2fae095802c) Importer(815301076,1909f56bfc062723c751e8b465ee728b) [PhysX] Initialized MultithreadedTaskDispatcher with 16 workers.
[PhysX] Initialized MultithreadedTaskDispatcher with 16 workers.
 -> (artifact id: '7b5eb608eaccffd607c75dfe99d43c7a') in 0.053144 seconds
Number of updated asset objects reloaded before import = 0
Number of asset objects unloaded after import = 15
========================================================================
Received Import Request.
  Time since last request: 1456.483649 seconds.
  path: Assets/Resources/sprites/MiniBird.png
  artifactKey: Guid(b1e6554e6c46f0548af858a9a4bc5a9d) Importer(815301076,1909f56bfc062723c751e8b465ee728b)
Start importing Assets/Resources/sprites/MiniBird.png using Guid(b1e6554e6c46f0548af858a9a4bc5a9d) Importer(815301076,1909f56bfc062723c751e8b465ee728b) [PhysX] Initialized MultithreadedTaskDispatcher with 16 workers.
[PhysX] Initialized MultithreadedTaskDispatcher with 16 workers.
 -> (artifact id: '2a0fdf2351bd47ff765b35af541d495e') in 0.013078 seconds
Number of updated asset objects reloaded before import = 0
Number of asset objects unloaded after import = 2
========================================================================
Received Import Request.
  Time since last request: 0.001868 seconds.
  path: Assets/Resources/sprites/MiniBoar.png
  artifactKey: Guid(e8175e182223e234c88f1067fa6f39fe) Importer(815301076,1909f56bfc062723c751e8b465ee728b)
Start importing Assets/Resources/sprites/MiniBoar.png using Guid(e8175e182223e234c88f1067fa6f39fe) Importer(815301076,1909f56bfc062723c751e8b465ee728b) [PhysX] Initialized MultithreadedTaskDispatcher with 16 workers.
[PhysX] Initialized MultithreadedTaskDispatcher with 16 workers.
 -> (artifact id: '873b82106007c737b650207645566e98') in 0.014891 seconds
Number of updated asset objects reloaded before import = 0
Number of asset objects unloaded after import = 2
========================================================================
Received Import Request.
  Time since last request: 0.000018 seconds.
  path: Assets/Resources/sprites/MiniDeer2.png
  artifactKey: Guid(7e5756bc85c980649bac1862cef817a7) Importer(815301076,1909f56bfc062723c751e8b465ee728b)
Start importing Assets/Resources/sprites/MiniDeer2.png using Guid(7e5756bc85c980649bac1862cef817a7) Importer(815301076,1909f56bfc062723c751e8b465ee728b) [PhysX] Initialized MultithreadedTaskDispatcher with 16 workers.
[PhysX] Initialized MultithreadedTaskDispatcher with 16 workers.
 -> (artifact id: 'a58a2538e432dedf4fdf5f1b4419e0f1') in 0.014429 seconds
Number of updated asset objects reloaded before import = 0
Number of asset objects unloaded after import = 2
========================================================================
Received Import Request.
  Time since last request: 0.000021 seconds.
  path: Assets/Resources/sprites/MiniWolf.png
  artifactKey: Guid(4d5ba821a5dbff842b6609bc92958d7c) Importer(815301076,1909f56bfc062723c751e8b465ee728b)
Start importing Assets/Resources/sprites/MiniWolf.png using Guid(4d5ba821a5dbff842b6609bc92958d7c) Importer(815301076,1909f56bfc062723c751e8b465ee728b) [PhysX] Initialized MultithreadedTaskDispatcher with 16 workers.
[PhysX] Initialized MultithreadedTaskDispatcher with 16 workers.
 -> (artifact id: 'e9d810eadc7365b5d0193cd6470ad863') in 0.012453 seconds
Number of updated asset objects reloaded before import = 0
Number of asset objects unloaded after import = 2
========================================================================
Received Import Request.
  Time since last request: 9.627671 seconds.
  path: Assets/Resources/sprites/MiniBoar.png
  artifactKey: Guid(e8175e182223e234c88f1067fa6f39fe) Importer(815301076,1909f56bfc062723c751e8b465ee728b)
Start importing Assets/Resources/sprites/MiniBoar.png using Guid(e8175e182223e234c88f1067fa6f39fe) Importer(815301076,1909f56bfc062723c751e8b465ee728b) [PhysX] Initialized MultithreadedTaskDispatcher with 16 workers.
[PhysX] Initialized MultithreadedTaskDispatcher with 16 workers.
 -> (artifact id: '5b2ed8362922c8f05bf70c48bedeb6be') in 1.108151 seconds
Number of updated asset objects reloaded before import = 0
Number of asset objects unloaded after import = 2
========================================================================
Received Import Request.
  Time since last request: 0.000024 seconds.
  path: Assets/Resources/sprites/MiniFox.png
  artifactKey: Guid(25e7edeb80a9aac4e9357e6adc949cc6) Importer(815301076,1909f56bfc062723c751e8b465ee728b)
Start importing Assets/Resources/sprites/MiniFox.png using Guid(25e7edeb80a9aac4e9357e6adc949cc6) Importer(815301076,1909f56bfc062723c751e8b465ee728b) [PhysX] Initialized MultithreadedTaskDispatcher with 16 workers.
[PhysX] Initialized MultithreadedTaskDispatcher with 16 workers.
 -> (artifact id: '64639a4ef487e2a894094201419b6641') in 0.017157 seconds
Number of updated asset objects reloaded before import = 0
Number of asset objects unloaded after import = 2
========================================================================
Received Import Request.
  Time since last request: 40.050006 seconds.
  path: Assets/Pet Cats pack/Sprites/Cat-3/Cat-3-Meow.png
  artifactKey: Guid(a2afc885a9327ea4abff70bb21660037) Importer(815301076,1909f56bfc062723c751e8b465ee728b)
Start importing Assets/Pet Cats pack/Sprites/Cat-3/Cat-3-Meow.png using Guid(a2afc885a9327ea4abff70bb21660037) Importer(815301076,1909f56bfc062723c751e8b465ee728b) [PhysX] Initialized MultithreadedTaskDispatcher with 16 workers.
[PhysX] Initialized MultithreadedTaskDispatcher with 16 workers.
 -> (artifact id: 'cac1757b17c64b2b648f412c096a1b1e') in 0.024274 seconds
Number of updated asset objects reloaded before import = 0
Number of asset objects unloaded after import = 6
========================================================================
Received Import Request.
  Time since last request: 0.324731 seconds.
  path: Assets/Pet Cats pack/Sprites/Cat-3/Cat-3-Stretching.png
  artifactKey: Guid(da5ed023efa2f2e4fb430ca29f20fee5) Importer(815301076,1909f56bfc062723c751e8b465ee728b)
Start importing Assets/Pet Cats pack/Sprites/Cat-3/Cat-3-Stretching.png using Guid(da5ed023efa2f2e4fb430ca29f20fee5) Importer(815301076,1909f56bfc062723c751e8b465ee728b) [PhysX] Initialized MultithreadedTaskDispatcher with 16 workers.
[PhysX] Initialized MultithreadedTaskDispatcher with 16 workers.
 -> (artifact id: '902b0178300e0e6ad7f57bdaef22fc0f') in 0.055231 seconds
Number of updated asset objects reloaded before import = 0
Number of asset objects unloaded after import = 15
========================================================================
Received Import Request.
  Time since last request: 0.354397 seconds.
  path: Assets/Pet Cats pack/Sprites/Cat-4/Cat-4-Meow.png
  artifactKey: Guid(b907b7b529d92e942ae8be832e61b6ec) Importer(815301076,1909f56bfc062723c751e8b465ee728b)
Start importing Assets/Pet Cats pack/Sprites/Cat-4/Cat-4-Meow.png using Guid(b907b7b529d92e942ae8be832e61b6ec) Importer(815301076,1909f56bfc062723c751e8b465ee728b) [PhysX] Initialized MultithreadedTaskDispatcher with 16 workers.
[PhysX] Initialized MultithreadedTaskDispatcher with 16 workers.
 -> (artifact id: '52b380a4d40bff36f0646d937b3eddeb') in 0.024855 seconds
Number of updated asset objects reloaded before import = 0
Number of asset objects unloaded after import = 6
========================================================================
Received Import Request.
  Time since last request: 0.271354 seconds.
  path: Assets/Pet Cats pack/Sprites/Cat-4/Cat-4-Sleeping2.png
  artifactKey: Guid(52b8c34256f87954cbafb9da31cf8d9b) Importer(815301076,1909f56bfc062723c751e8b465ee728b)
Start importing Assets/Pet Cats pack/Sprites/Cat-4/Cat-4-Sleeping2.png using Guid(52b8c34256f87954cbafb9da31cf8d9b) Importer(815301076,1909f56bfc062723c751e8b465ee728b) [PhysX] Initialized MultithreadedTaskDispatcher with 16 workers.
[PhysX] Initialized MultithreadedTaskDispatcher with 16 workers.
 -> (artifact id: '49b9e397bb61519867d9459c2f6121ab') in 0.020890 seconds
Number of updated asset objects reloaded before import = 0
Number of asset objects unloaded after import = 3
========================================================================
Received Import Request.
  Time since last request: 0.308753 seconds.
  path: Assets/Pet Cats pack/Sprites/Cat-5/Cat-5-Licking 1.png
  artifactKey: Guid(0f322c6174998ee40b6a09b52b34917f) Importer(815301076,1909f56bfc062723c751e8b465ee728b)
Start importing Assets/Pet Cats pack/Sprites/Cat-5/Cat-5-Licking 1.png using Guid(0f322c6174998ee40b6a09b52b34917f) Importer(815301076,1909f56bfc062723c751e8b465ee728b) [PhysX] Initialized MultithreadedTaskDispatcher with 16 workers.
[PhysX] Initialized MultithreadedTaskDispatcher with 16 workers.
 -> (artifact id: '2a066c440e27e1343d2b12e2ecf86b4f') in 0.031153 seconds
Number of updated asset objects reloaded before import = 0
Number of asset objects unloaded after import = 7
========================================================================
Received Import Request.
  Time since last request: 0.259532 seconds.
  path: Assets/Pet Cats pack/Sprites/Cat-5/Cat-5-Sleeping2.png
  artifactKey: Guid(e5d3fef910551f147a94819aa09a88fe) Importer(815301076,1909f56bfc062723c751e8b465ee728b)
Start importing Assets/Pet Cats pack/Sprites/Cat-5/Cat-5-Sleeping2.png using Guid(e5d3fef910551f147a94819aa09a88fe) Importer(815301076,1909f56bfc062723c751e8b465ee728b) [PhysX] Initialized MultithreadedTaskDispatcher with 16 workers.
[PhysX] Initialized MultithreadedTaskDispatcher with 16 workers.
 -> (artifact id: '927e33ee990801f1b21131591d1489e4') in 0.019661 seconds
Number of updated asset objects reloaded before import = 0
Number of asset objects unloaded after import = 3
========================================================================
Received Import Request.
  Time since last request: 0.751474 seconds.
  path: Assets/BayatGames/Free Platform Game Assets/Character/Character Source/png/1x/Foot.png
  artifactKey: Guid(f0f2d2ccf421cf04987dd480807bc932) Importer(815301076,1909f56bfc062723c751e8b465ee728b)
Start importing Assets/BayatGames/Free Platform Game Assets/Character/Character Source/png/1x/Foot.png using Guid(f0f2d2ccf421cf04987dd480807bc932) Importer(815301076,1909f56bfc062723c751e8b465ee728b) [PhysX] Initialized MultithreadedTaskDispatcher with 16 workers.
[PhysX] Initialized MultithreadedTaskDispatcher with 16 workers.
 -> (artifact id: 'aee59e4658991b53484df4960d249e95') in 0.016643 seconds
Number of updated asset objects reloaded before import = 0
Number of asset objects unloaded after import = 3
========================================================================
Received Import Request.
  Time since last request: 0.000022 seconds.
  path: Assets/Brackeys/2D Mega Pack/UI/ItemFrame.png
  artifactKey: Guid(37b388a5217aba141900a0ac698315c5) Importer(815301076,1909f56bfc062723c751e8b465ee728b)
Start importing Assets/Brackeys/2D Mega Pack/UI/ItemFrame.png using Guid(37b388a5217aba141900a0ac698315c5) Importer(815301076,1909f56bfc062723c751e8b465ee728b) [PhysX] Initialized MultithreadedTaskDispatcher with 16 workers.
[PhysX] Initialized MultithreadedTaskDispatcher with 16 workers.
 -> (artifact id: 'ecd01eb9f51c20e22f010abd607bc4ed') in 0.014814 seconds
Number of updated asset objects reloaded before import = 0
Number of asset objects unloaded after import = 3
========================================================================
Received Import Request.
  Time since last request: 0.264086 seconds.
  path: Assets/BayatGames/Free Platform Game Assets/Enemies/Enemies/png/128x128/Mace.png
  artifactKey: Guid(e9b8e1622b3cc314396f4721ffd35a66) Importer(815301076,1909f56bfc062723c751e8b465ee728b)
Start importing Assets/BayatGames/Free Platform Game Assets/Enemies/Enemies/png/128x128/Mace.png using Guid(e9b8e1622b3cc314396f4721ffd35a66) Importer(815301076,1909f56bfc062723c751e8b465ee728b) [PhysX] Initialized MultithreadedTaskDispatcher with 16 workers.
[PhysX] Initialized MultithreadedTaskDispatcher with 16 workers.
 -> (artifact id: '37f5eaca4003d18b64cc7c2d16f92e0c') in 0.014616 seconds
Number of updated asset objects reloaded before import = 0
Number of asset objects unloaded after import = 3
========================================================================
Received Import Request.
  Time since last request: 0.020466 seconds.
  path: Assets/Brackeys/2D Mega Pack/UI/SpeechBubble.png
  artifactKey: Guid(d6ee8f7c2389cd040972fd561db64d32) Importer(815301076,1909f56bfc062723c751e8b465ee728b)
Start importing Assets/Brackeys/2D Mega Pack/UI/SpeechBubble.png using Guid(d6ee8f7c2389cd040972fd561db64d32) Importer(815301076,1909f56bfc062723c751e8b465ee728b) [PhysX] Initialized MultithreadedTaskDispatcher with 16 workers.
[PhysX] Initialized MultithreadedTaskDispatcher with 16 workers.
 -> (artifact id: '0f86fe41cd20be55d06810850145ce7c') in 0.023744 seconds
Number of updated asset objects reloaded before import = 0
Number of asset objects unloaded after import = 3
Editor requested this worker to shutdown with reason: Scaling down because of idle timeout
TcpMessagingSession - receive error: operation aborted. errorcode: 995, details: The I/O operation has been aborted because of either a thread exit or an application request.
AssetImportWorker is now disconnected from the server
Process exiting
Exiting without the bug reporter. Application will terminate with return code 0